12:32:19 **** Incremental Build of configuration Release for project DIYWordclock ****
make all 
Building file: ../main.c
Invoking: AVR Compiler
avr-gcc -Wall -Os -fpack-struct -fshort-enums -ffunction-sections -fdata-sections -std=gnu99 -funsigned-char -funsigned-bitfields -mmcu=atmega168p -DF_CPU=16000000UL -MMD -MP -MF"main.d" -MT"main.d" -c -o "main.o" "../main.c"
Finished building: ../main.c
 
Building target: DIYWordclock.elf
Invoking: AVR C Linker
avr-gcc -Wl,-Map,DIYWordclock.map -mmcu=atmega168p -o "DIYWordclock.elf"  ./i2c_master.o ./light_ws2812.o ./main.o   
Finished building target: DIYWordclock.elf
 
Invoking: AVR Create Extended Listing
avr-objdump -h -S DIYWordclock.elf  >"DIYWordclock.lss"
Finished building: DIYWordclock.lss
 
Create Flash image (ihex format)
avr-objcopy -R .eeprom -R .fuse -R .lock -R .signature -O ihex DIYWordclock.elf  "DIYWordclock.hex"
Finished building: DIYWordclock.hex
 
Create eeprom image (ihex format)
avr-objcopy -j .eeprom --no-change-warnings --change-section-lma .eeprom=0 -O ihex DIYWordclock.elf  "DIYWordclock.eep"
Finished building: DIYWordclock.eep
 
Invoking: Print Size
avr-size --format=avr --mcu=atmega168p DIYWordclock.elf
AVR Memory Usage
----------------
Device: atmega168p

Program:    1190 bytes (7.3% Full)
(.text + .data + .bootloader)

Data:         34 bytes (3.3% Full)
(.data + .bss + .noinit)


Finished building: sizedummy
 

12:32:19 Build Finished (took 179ms)

